24-08-2018 18:01:33.139 [main] INFO  c.c.b.BookingServiceTest.logStarting - Starting BookingServiceTest on DIN34002994 with PID 6576 (started by sogour in D:\Users\sogour\Downloads\test-master\myItinerary)
24-08-2018 18:01:33.141 [main] INFO  c.c.b.BookingServiceTest.logStartupProfileInfo - No active profile set, falling back to default profiles: default
24-08-2018 18:01:33.169 [main] INFO  o.s.w.c.s.GenericWebApplicationContext.prepareRefresh - Refreshing org.springframework.web.context.support.GenericWebApplicationContext@3aa078fd: startup date [Fri Aug 24 18:01:33 IST 2018]; root of context hierarchy
24-08-2018 18:01:35.902 [main] INFO  o.s.w.s.h.SimpleUrlHandlerMapping.registerHandler - Mapped URL path [/**/favicon.ico] onto handler of type [class org.springframework.web.servlet.resource.ResourceHttpRequestHandler]
24-08-2018 18:01:36.136 [main] INFO  o.s.w.s.m.m.a.RequestMappingHandlerAdapter.initControllerAdviceCache - Looking for @ControllerAdvice: org.springframework.web.context.support.GenericWebApplicationContext@3aa078fd: startup date [Fri Aug 24 18:01:33 IST 2018]; root of context hierarchy
24-08-2018 18:01:36.211 [main] INFO  o.s.w.s.m.m.a.RequestMappingHandlerMapping.register - Mapped "{[/booking/resort/{guestID}],methods=[POST]}" onto public org.springframework.http.ResponseEntity<java.lang.Object> com.cg.restcontroller.BookingController.bookResort(com.cg.entities.Resort,long)
24-08-2018 18:01:36.213 [main] INFO  o.s.w.s.m.m.a.RequestMappingHandlerMapping.register - Mapped "{[/booking/update/resort/{resortBookingId}],methods=[PUT]}" onto public org.springframework.http.ResponseEntity<java.lang.Object> com.cg.restcontroller.BookingController.updateBookResort(com.cg.entities.Resort,long)
24-08-2018 18:01:36.213 [main] INFO  o.s.w.s.m.m.a.RequestMappingHandlerMapping.register - Mapped "{[/booking/cancel/resort/{resortBookingId}],methods=[PUT]}" onto public org.springframework.http.ResponseEntity<java.lang.Object> com.cg.restcontroller.BookingController.cancelBookResort(long)
24-08-2018 18:01:36.214 [main] INFO  o.s.w.s.m.m.a.RequestMappingHandlerMapping.register - Mapped "{[/booking/dining/{guestID}],methods=[POST]}" onto public org.springframework.http.ResponseEntity<java.lang.Object> com.cg.restcontroller.BookingController.bookDining(com.cg.entities.Dining,long)
24-08-2018 18:01:36.214 [main] INFO  o.s.w.s.m.m.a.RequestMappingHandlerMapping.register - Mapped "{[/booking/update/dining/{diningBookingId}],methods=[PUT]}" onto public org.springframework.http.ResponseEntity<java.lang.Object> com.cg.restcontroller.BookingController.updateBookedDining(com.cg.entities.Dining,long)
24-08-2018 18:01:36.215 [main] INFO  o.s.w.s.m.m.a.RequestMappingHandlerMapping.register - Mapped "{[/booking/cancel/dining/{diningBookingId}],methods=[PUT]}" onto public org.springframework.http.ResponseEntity<java.lang.Object> com.cg.restcontroller.BookingController.cancelBookedDining(long)
24-08-2018 18:01:36.215 [main] INFO  o.s.w.s.m.m.a.RequestMappingHandlerMapping.register - Mapped "{[/booking/resort/get/{rReservationNumber}],methods=[GET]}" onto public org.springframework.http.ResponseEntity<java.lang.Object> com.cg.restcontroller.BookingController.getResort(long)
24-08-2018 18:01:36.216 [main] INFO  o.s.w.s.m.m.a.RequestMappingHandlerMapping.register - Mapped "{[/booking/dining/get/{dReservationNumber}],methods=[GET]}" onto public org.springframework.http.ResponseEntity<java.lang.Object> com.cg.restcontroller.BookingController.getDining(long)
24-08-2018 18:01:36.217 [main] INFO  o.s.w.s.m.m.a.RequestMappingHandlerMapping.register - Mapped "{[/guest/register],methods=[POST]}" onto public org.springframework.http.ResponseEntity<java.lang.Object> com.cg.restcontroller.GuestController.registerGuest(com.cg.entities.Guest)
24-08-2018 18:01:36.218 [main] INFO  o.s.w.s.m.m.a.RequestMappingHandlerMapping.register - Mapped "{[/guest/update/{guestID}],methods=[PUT]}" onto public org.springframework.http.ResponseEntity<java.lang.Object> com.cg.restcontroller.GuestController.updateGuest(com.cg.entities.Guest,long)
24-08-2018 18:01:36.219 [main] INFO  o.s.w.s.m.m.a.RequestMappingHandlerMapping.register - Mapped "{[/guest/login],methods=[POST]}" onto public org.springframework.http.ResponseEntity<java.lang.Object> com.cg.restcontroller.GuestController.loginGuest(com.cg.entities.Guest)
24-08-2018 18:01:36.219 [main] INFO  o.s.w.s.m.m.a.RequestMappingHandlerMapping.register - Mapped "{[/guest/view/{guestID}],methods=[GET]}" onto public java.util.List<java.lang.Object> com.cg.restcontroller.GuestController.viewItenarary(long)
24-08-2018 18:01:36.221 [main] INFO  o.s.w.s.m.m.a.RequestMappingHandlerMapping.register - Mapped "{[/error]}" onto public org.springframework.http.ResponseEntity<java.util.Map<java.lang.String, java.lang.Object>> org.springframework.boot.autoconfigure.web.servlet.error.BasicErrorController.error(javax.servlet.http.HttpServletRequest)
24-08-2018 18:01:36.222 [main] INFO  o.s.w.s.m.m.a.RequestMappingHandlerMapping.register - Mapped "{[/error],produces=[text/html]}" onto public org.springframework.web.servlet.ModelAndView org.springframework.boot.autoconfigure.web.servlet.error.BasicErrorController.errorHtml(javax.servlet.http.HttpServletRequest,javax.servlet.http.HttpServletResponse)
24-08-2018 18:01:36.267 [main] INFO  o.s.w.s.h.SimpleUrlHandlerMapping.registerHandler - Mapped URL path [/webjars/**] onto handler of type [class org.springframework.web.servlet.resource.ResourceHttpRequestHandler]
24-08-2018 18:01:36.268 [main] INFO  o.s.w.s.h.SimpleUrlHandlerMapping.registerHandler - Mapped URL path [/**] onto handler of type [class org.springframework.web.servlet.resource.ResourceHttpRequestHandler]
24-08-2018 18:01:37.015 [main] INFO  c.c.b.BookingServiceTest.logStarted - Started BookingServiceTest in 4.216 seconds (JVM running for 7.296)
24-08-2018 18:01:37.411 [main] INFO  BookingServiceImpl.class.getAllDiningDetails - BookingServiceImpl: Executing getAllDiningDetails method.
24-08-2018 18:01:37.421 [main] INFO  BookingServiceImpl.class.updateBookedDining - BookingServiceImpl: Executing updateBookedDining method.
24-08-2018 18:01:37.427 [main] INFO  BookingServiceImpl.class.updateBookResort - BookingServiceImpl: Executing updateBookResort method.
24-08-2018 18:01:37.430 [main] INFO  BookingServiceImpl.class.getAllResortDetails - BookingServiceImpl: Executing getAllResortDetails method.
24-08-2018 18:01:37.433 [main] INFO  BookingServiceImpl.class.cancelBookedDining - BookingServiceImpl: Executing cancelBookResort method.
24-08-2018 18:01:37.436 [main] INFO  BookingServiceImpl.class.cancelBookResort - BookingServiceImpl: Executing cancelBookResort method.
24-08-2018 18:01:37.440 [main] INFO  BookingServiceImpl.class.bookDining - BookingServiceImpl: Executing bookDining method.
24-08-2018 18:01:37.446 [main] INFO  BookingServiceImpl.class.bookResort - BookingServiceImpl: Executing bookResort method.
24-08-2018 18:01:37.448 [main] INFO  o.s.b.t.c.SpringBootTestContextBootstrapper.buildDefaultMergedContextConfiguration - Neither @ContextConfiguration nor @ContextHierarchy found for test class [com.cg.bootjdbctemplate.GuestServiceTest], using SpringBootContextLoader
24-08-2018 18:01:37.449 [main] INFO  o.s.t.c.s.AbstractContextLoader.generateDefaultLocations - Could not detect default resource locations for test class [com.cg.bootjdbctemplate.GuestServiceTest]: no resource found for suffixes {-context.xml, Context.groovy}.
24-08-2018 18:01:37.450 [main] INFO  o.s.t.c.s.AnnotationConfigContextLoaderUtils.detectDefaultConfigurationClasses - Could not detect default configuration classes for test class [com.cg.bootjdbctemplate.GuestServiceTest]: GuestServiceTest does not declare any static, non-private, non-final, nested classes annotated with @Configuration.
24-08-2018 18:01:37.452 [main] INFO  o.s.b.t.c.SpringBootTestContextBootstrapper.getOrFindConfigurationClasses - Found @SpringBootConfiguration com.cg.MyApplication for test class com.cg.bootjdbctemplate.GuestServiceTest
24-08-2018 18:01:37.453 [main] INFO  o.s.b.t.c.SpringBootTestContextBootstrapper.getDefaultTestExecutionListenerClassNames - Loaded default TestExecutionListener class names from location [META-INF/spring.factories]: [org.springframework.boot.test.mock.mockito.MockitoTestExecutionListener, org.springframework.boot.test.mock.mockito.ResetMocksTestExecutionListener, org.springframework.boot.test.autoconfigure.restdocs.RestDocsTestExecutionListener, org.springframework.boot.test.autoconfigure.web.client.MockRestServiceServerResetTestExecutionListener, org.springframework.boot.test.autoconfigure.web.servlet.MockMvcPrintOnlyOnFailureTestExecutionListener, org.springframework.boot.test.autoconfigure.web.servlet.WebDriverTestExecutionListener, org.springframework.test.context.web.ServletTestExecutionListener, org.springframework.test.context.support.DirtiesContextBeforeModesTestExecutionListener, org.springframework.test.context.support.DependencyInjectionTestExecutionListener, org.springframework.test.context.support.DirtiesContextTestExecutionListener, org.springframework.test.context.transaction.TransactionalTestExecutionListener, org.springframework.test.context.jdbc.SqlScriptsTestExecutionListener]
24-08-2018 18:01:37.455 [main] INFO  o.s.b.t.c.SpringBootTestContextBootstrapper.getTestExecutionListeners - Using TestExecutionListeners: [org.springframework.test.context.web.ServletTestExecutionListener@4ac86d6a, org.springframework.test.context.support.DirtiesContextBeforeModesTestExecutionListener@3d904e9c, org.springframework.boot.test.mock.mockito.MockitoTestExecutionListener@508a65bf, org.springframework.boot.test.autoconfigure.SpringBootDependencyInjectionTestExecutionListener@17f2dd85, org.springframework.test.context.support.DirtiesContextTestExecutionListener@1e58512c, org.springframework.test.context.transaction.TransactionalTestExecutionListener@210308d5, org.springframework.test.context.jdbc.SqlScriptsTestExecutionListener@22a736d7, org.springframework.boot.test.mock.mockito.ResetMocksTestExecutionListener@23b8d9f3, org.springframework.boot.test.autoconfigure.restdocs.RestDocsTestExecutionListener@7f353d99, org.springframework.boot.test.autoconfigure.web.client.MockRestServiceServerResetTestExecutionListener@4649d70a, org.springframework.boot.test.autoconfigure.web.servlet.MockMvcPrintOnlyOnFailureTestExecutionListener@5d43409a, org.springframework.boot.test.autoconfigure.web.servlet.WebDriverTestExecutionListener@38d17d80]
24-08-2018 18:01:37.488 [main] INFO  com.cg.service.GuestServiceImpl.updateGuest - GuestServiceImpl: Executing updateGuest method.
24-08-2018 18:01:37.491 [main] INFO  com.cg.service.GuestServiceImpl.registerGuest - GuestServiceImpl: Executing registerGuest method.
24-08-2018 18:01:37.494 [main] INFO  com.cg.service.GuestServiceImpl.validateGuest - GuestServiceImpl: Executing validateGuest method.
24-08-2018 18:01:38.529 [Thread-2] INFO  o.s.w.c.s.GenericWebApplicationContext.doClose - Closing org.springframework.web.context.support.GenericWebApplicationContext@3aa078fd: startup date [Fri Aug 24 18:01:33 IST 2018]; root of context hierarchy
